--2020-01-07 16:37:09--  http://compling.hss.ntu.edu.sg/omw/wns/spa.zip
Auflösen des Hostnamens compling.hss.ntu.edu.sg (compling.hss.ntu.edu.sg)… 155.69.254.223
Verbindungsaufbau zu compling.hss.ntu.edu.sg (compling.hss.ntu.edu.sg)|155.69.254.223|:80 … verbunden.
HTTP-Anforderung gesendet, auf Antwort wird gewartet … 200 OK
Länge: 1678465 (1,6M) [application/zip]
Wird in »spa.zip« gespeichert.

     0K .......... .......... .......... .......... ..........  3% 1,31K 20m9s
    50K .......... .......... .......... .......... ..........  6% 2,13K 15m47s
   100K .......... .......... .......... .......... ..........  9% 1,84K 14m40s
   150K .......... .......... .......... .......... .......... 12% 2,32K 13m13s
   200K .......... .......... .......... .......... .......... 15% 1,62K 13m4s
   250K .......... .......... .......... .......... .......... 18% 2,07K 12m18s
   300K .......... .......... .......... .......... .......... 21% 1,72K 11m56s
   350K .......... .......... .......... .......... .......... 24% 2,41K 11m7s
   400K .......... .......... .......... .......... .......... 27% 1,91K 10m38s
   450K .......... .......... .......... .......... .......... 30% 2,21K 10m1s
   500K .......... .......... .......... .......... .......... 33% 1,77K 9m39s
   550K .......... .......... .......... .......... .......... 36% 1,97K 9m10s
   600K .......... .......... .......... .......... .......... 39% 1,42K 8m57s
   650K .......... .......... .......... .......... .......... 42% 2,57K 8m19s
   700K .......... .......... .......... .......... .......... 45% 2,29K 7m47s
   750K .......... .......... .......... .......... .......... 48%  632  8m18s
   800K .......... .......... .......... .......... .......... 51% 2,18K 7m42s
   850K .......... .......... .......... .......... .......... 54% 1,63K 7m14s
   900K .......... .......... .......... .......... .......... 57% 1,45K 6m49s
   950K .......... .......... .......... .......... .......... 61% 2,61K 6m12s
  1000K .......... .......... .......... .......... .......... 64% 1,90K 5m42s
  1050K .......... .......... .......... .......... .......... 67% 2,01K 5m11s
  1100K .......... .......... .......... .......... .......... 70% 2,36K 4m39s
  1150K .......... .......... .......... .......... .......... 73% 2,18K 4m8s
  1200K .......... .......... .......... .......... .......... 76% 2,02K 3m39s
  1250K .......... .......... .......... .......... .......... 79% 1,45K 3m12s
  1300K .......... .......... .......... .......... .......... 82% 2,30K 2m42s
  1350K .......... .......... .......... .......... .......... 85% 1,80K 2m14s
  1400K .......... .......... .......... .......... .......... 88% 2,00K 1m46s
  1450K .......... .......... .......... .......... .......... 91% 2,37K 77s
  1500K .......... .......... .......... .......... .......... 94% 3,09K 49s
  1550K .......... .......... .......... .......... .......... 97% 2,97K 21s
  1600K .......... .......... .......... .........            100% 2,73K=14m40s

2020-01-07 16:52:10 (1,86 KB/s) - »spa.zip« gespeichert [1678465/1678465]

--2020-01-07 16:52:11--  http://compling.hss.ntu.edu.sg/omw/wns/cat.zip
Auflösen des Hostnamens compling.hss.ntu.edu.sg (compling.hss.ntu.edu.sg)… 155.69.254.223
Verbindungsaufbau zu compling.hss.ntu.edu.sg (compling.hss.ntu.edu.sg)|155.69.254.223|:80 … verbunden.
HTTP-Anforderung gesendet, auf Antwort wird gewartet … 200 OK
Länge: 1678465 (1,6M) [application/zip]
Wird in »cat.zip« gespeichert.

     0K .......... .......... .......... .......... ..........  3% 1,08K 24m34s
    50K .......... .......... .......... .......... ..........  6% 1,39K 21m9s
   100K .......... .......... .......... .......... ..........  9% 2,08K 17m37s
   150K .......... .......... .......... .......... .......... 12% 2,18K 15m31s
   200K .......... .......... .......... .......... .......... 15% 2,06K 14m14s
   250K .......... .......... .......... .......... .......... 18% 1,87K 13m25s
   300K .......... .......... .......... .......... .......... 21% 2,24K 12m27s
   350K .......... .......... .......... .......... .......... 24% 2,22K 11m38s
   400K .......... .......... .......... .......... .......... 27% 2,27K 10m53s
   450K .......... .......... .......... .......... .......... 30% 1,77K 10m28s
   500K .......... .......... .......... .......... .......... 33% 2,18K 9m51s
   550K .......... .......... .......... .......... .......... 36% 3,72K 9m0s
   600K .......... .......... .......... .......... .......... 39% 2,43K 8m26s
   650K .......... .......... .......... .......... .......... 42% 2,48K 7m53s
   700K .......... .......... .......... .......... .......... 45% 1,72K 7m33s
   750K .......... .......... .......... .......... .......... 48% 1,54K 7m14s
   800K .......... .......... .......... .......... .......... 51% 3,13K 6m39s
   850K .......... .......... .......... .......... .......... 54% 1,89K 6m15s
   900K .......... .......... .......... .......... .......... 57% 1,81K 5m51s
   950K .......... .......... .......... .......... .......... 61% 1,78K 5m27s
  1000K .......... .......... .......... .......... .......... 64% 2,24K 5m0s
  1050K .......... .......... .......... .......... .......... 67% 2,12K 4m34s
  1100K .......... .......... .......... .......... .......... 70% 1,84K 4m9s
  1150K .......... .......... .......... .......... .......... 73% 2,99K 3m40s
  1200K .......... .......... .......... .......... .......... 76% 2,01K 3m15s
  1250K .......... .......... .......... .......... .......... 79% 1,76K 2m51s
  1300K .......... .......... .......... .......... .......... 82% 1,89K 2m26s
  1350K .......... .......... .......... .......... .......... 85% 2,18K 2m0s
  1400K .......... .......... .......... .......... .......... 88% 1,81K 96s
  1450K .......... .......... .......... .......... .......... 91% 1,44K 71s
  1500K .......... .......... .......... .......... .......... 94% 2,42K 45s
  1550K .......... .......... .......... .......... .......... 97% 1,21K 20s
  1600K .......... .......... .......... .........            100% 1,74K=14m11s

2020-01-07 17:06:31 (1,93 KB/s) - »cat.zip« gespeichert [1678465/1678465]

./build.sh: Zeile 5: pa.zip: Kommando nicht gefunden.
Die Datei »cat.zip« ist schon vorhanden; kein erneuter Download.

--2020-01-07 17:06:32--  http://compling.hss.ntu.edu.sg/omw/wns/por.zip
Auflösen des Hostnamens compling.hss.ntu.edu.sg (compling.hss.ntu.edu.sg)… 155.69.254.223
Verbindungsaufbau zu compling.hss.ntu.edu.sg (compling.hss.ntu.edu.sg)|155.69.254.223|:80 … verbunden.
HTTP-Anforderung gesendet, auf Antwort wird gewartet … 200 OK
Länge: 1708875 (1,6M) [application/zip]
Wird in »por.zip« gespeichert.

     0K .......... .......... .......... .......... ..........  2% 2,40K 11m14s
    50K .......... .......... .......... .......... ..........  5% 2,06K 11m47s
   100K .......... .......... .......... .......... ..........  8% 3,34K 10m8s
   150K .......... .......... .......... .......... .......... 11% 10,0K 7m57s
   200K .......... .......... .......... .......... .......... 14% 4,88K 7m7s
   250K .......... .......... .......... .......... .......... 17% 14,1K 6m0s
   300K .......... .......... .......... .......... .......... 20% 9,69K 5m16s
   350K .......... .......... .......... .......... .......... 23%  121K 4m28s
   400K .......... .......... .......... .......... .......... 26% 5,53K 4m13s
   450K .......... .......... .......... .......... .......... 29%  145K 3m39s
   500K .......... .......... .......... .......... .......... 32% 17,2K 3m17s
   550K .......... .......... .......... .......... .......... 35% 87,4K 2m53s
   600K .......... .......... .......... .......... .......... 38% 9,85K 2m40s
   650K .......... .......... .......... .......... .......... 41% 23,0K 2m25s
   700K .......... .......... .......... .......... .......... 44% 57,5K 2m9s
   750K .......... .......... .......... .......... .......... 47%  141K 1m55s
   800K .......... .......... .......... .......... .......... 50% 9,60K 1m47s
   850K .......... .......... .......... .......... .......... 53%  303K 95s
   900K .......... .......... .......... .......... .......... 56%  251K 84s
   950K .......... .......... .......... .......... .......... 59%  197K 75s
  1000K .......... .......... .......... .......... .......... 62% 5,52K 71s
  1050K .......... .......... .......... .......... .......... 65%  147K 63s
  1100K .......... .......... .......... .......... .......... 68%  104K 55s
  1150K .......... .......... .......... .......... .......... 71%  119K 48s
  1200K .......... .......... .......... .......... .......... 74% 54,7K 41s
  1250K .......... .......... .......... .......... .......... 77% 12,8K 36s
  1300K .......... .......... .......... .......... .......... 80%  663K 30s
  1350K .......... .......... .......... .......... .......... 83%  350K 24s
  1400K .......... .......... .......... .......... .......... 86%  615K 19s
  1450K .......... .......... .......... .......... .......... 89%  719K 14s
  1500K .......... .......... .......... .......... .......... 92%  399K 10s
  1550K .......... .......... .......... .......... .......... 95% 24,5K 6s
  1600K .......... .......... .......... .......... .......... 98%  128K 1s
  1650K .......... ........                                   100%  593K=2m10s

2020-01-07 17:08:53 (12,9 KB/s) - »por.zip« gespeichert [1708875/1708875]

--2020-01-07 17:08:53--  http://compling.hss.ntu.edu.sg/omw/wns/eng.zip
Auflösen des Hostnamens compling.hss.ntu.edu.sg (compling.hss.ntu.edu.sg)… 155.69.254.223
Verbindungsaufbau zu compling.hss.ntu.edu.sg (compling.hss.ntu.edu.sg)|155.69.254.223|:80 … verbunden.
HTTP-Anforderung gesendet, auf Antwort wird gewartet … 200 OK
Länge: 1560898 (1,5M) [application/zip]
Wird in »eng.zip« gespeichert.

     0K .......... .......... .......... .......... ..........  3% 2,13K 11m32s
    50K .......... .......... .......... .......... ..........  6% 1,20K 15m28s
   100K .......... .......... .......... .......... ..........  9% 2,74K 12m44s
   150K .......... .......... .......... .......... .......... 13% 1,42K 13m6s
   200K .......... .......... .......... .......... .......... 16% 2,52K 11m46s
   250K .......... .......... .......... .......... .......... 19% 1,72K 11m24s
   300K .......... .......... .......... .......... .......... 22% 2,04K 10m44s
   350K .......... .......... .......... .......... .......... 26% 2,30K 10m1s
   400K .......... .......... .......... .......... .......... 29% 2,19K 9m25s
   450K .......... .......... .......... .......... .......... 32% 1,91K 8m58s
   500K .......... .......... .......... .......... .......... 36% 1,58K 8m42s
   550K .......... .......... .......... .......... .......... 39% 10,2K 7m41s
   600K .......... .......... .......... .......... .......... 42% 11,9K 6m48s
   650K .......... .......... .......... .......... .......... 45% 53,5K 5m59s
   700K .......... .......... .......... .......... .......... 49% 48,0K 5m15s
   750K .......... .......... .......... .......... .......... 52% 52,4K 4m38s
   800K .......... .......... .......... .......... .......... 55% 51,9K 4m4s
   850K .......... .......... .......... .......... .......... 59% 51,6K 3m34s
   900K .......... .......... .......... .......... .......... 62% 37,4K 3m7s
   950K .......... .......... .......... .......... .......... 65% 48,6K 2m43s
  1000K .......... .......... .......... .......... .......... 68% 59,8K 2m21s
  1050K .......... .......... .......... .......... .......... 72% 48,5K 2m1s
  1100K .......... .......... .......... .......... .......... 75% 56,6K 1m42s
  1150K .......... .......... .......... .......... .......... 78% 47,7K 85s
  1200K .......... .......... .......... .......... .......... 82% 35,3K 69s
  1250K .......... .......... .......... .......... .......... 85% 54,3K 55s
  1300K .......... .......... .......... .......... .......... 88% 51,0K 41s
  1350K .......... .......... .......... .......... .......... 91% 54,7K 28s
  1400K .......... .......... .......... .......... .......... 95% 51,7K 16s
  1450K .......... .......... .......... .......... .......... 98% 52,2K 5s
  1500K .......... .......... ....                            100% 61,0K=5m21s

2020-01-07 17:14:29 (4,75 KB/s) - »eng.zip« gespeichert [1560898/1560898]

./build.sh: Zeile 9: 31.nt.gz: Kommando nicht gefunden.
found wn31.tsv, keeping it
