da/da-00-01-18-255.tag
da/da-00-02-02-76.tag
da/da-00-02-14-70.tag
da/da-00-02-15-141.tag
da/da-00-03-13-27.tag
da/da-00-04-11-271.tag
da/da-00-05-16-52.tag
da/da-01-05-17-43.tag
da/da-01-07-05-33.tag
da/da-01-09-05-351.tag
da/da-01-10-24-27.tag
da/da-01-11-13-318.tag
da/da-01-12-11-98.tag
da/da-02-09-04-160.tag
da/da-02-09-26-25.tag
da/da-02-10-23-238.tag
da/da-02-11-07-11.tag
da/da-02-11-21-34.tag
da/da-02-12-18-195.tag
da/da-03-01-13-129.tag
da/da-03-02-11-38.tag
da/da-03-04-08-158.tag
da/da-03-05-13-28.tag
warning: multiple values for syntax in {'pnct': [-10], '{preds}': [-10]}
da/da-03-06-02-67.tag
da/da-03-09-03-262.tag
da/da-96-04-15-56.tag
da/da-96-06-19-226.tag
da/da-96-07-04-52.tag
da/da-96-09-18-157.tag
da/da-96-10-23-28.tag
da/da-96-12-11-268.tag
da/da-97-01-15-207.tag
da/da-97-03-11-126.tag
da/da-97-06-09-51.tag
da/da-97-07-15-277.tag
da/da-97-10-22-259.tag
da/da-97-11-19-161.tag
da/da-98-01-13-232.tag
da/da-98-02-16-20.tag
da/da-98-05-02-64.tag
da/da-98-06-16-34.tag
da/da-98-09-15-97.tag
da/da-98-11-16-45.tag
da/da-99-01-13-44.tag
da/da-99-03-10-31.tag
da/da-99-04-13-31.tag
da/da-99-05-06-42.tag
da/da-99-09-14-25.tag
da/da-99-10-05-160.tag
da/da-99-11-18-143.tag
da/iorn.da-00-01-18-255.tag
da/iorn.da-00-02-02-76.tag
da/iorn.da-00-02-14-70.tag
da/iorn.da-00-02-15-141.tag
da/iorn.da-00-03-13-27.tag
da/iorn.da-00-04-11-271.tag
da/iorn.da-00-05-16-52.tag
da/iorn.da-01-05-17-43.tag
da/iorn.da-01-07-05-33.tag
da/iorn.da-01-09-05-351.tag
da/iorn.da-01-10-24-27.tag
da/iorn.da-01-11-13-318.tag
da/iorn.da-01-12-11-98.tag
da/iorn.da-02-09-04-160.tag
da/iorn.da-02-09-26-25.tag
da/iorn.da-02-10-23-238.tag
da/iorn.da-02-11-07-11.tag
da/iorn.da-02-11-21-34.tag
da/iorn.da-02-12-18-195.tag
da/iorn.da-03-01-13-129.tag
da/iorn.da-03-02-11-38.tag
da/iorn.da-03-04-08-158.tag
da/iorn.da-03-05-13-28.tag
da/iorn.da-03-06-02-67.tag
da/iorn.da-03-09-03-262.tag
da/iorn.da-96-04-15-56.tag
da/iorn.da-96-06-19-226.tag
da/iorn.da-96-07-04-52.tag
da/iorn.da-96-09-18-157.tag
da/iorn.da-96-10-23-28.tag
da/iorn.da-96-12-11-268.tag
da/iorn.da-97-01-15-207.tag
da/iorn.da-97-03-11-126.tag
da/iorn.da-97-06-09-51.tag
da/iorn.da-97-07-15-277.tag
da/iorn.da-97-10-22-259.tag
da/iorn.da-97-11-19-161.tag
da/iorn.da-98-01-13-232.tag
da/iorn.da-98-02-16-20.tag
da/iorn.da-98-05-02-64.tag
da/iorn.da-98-06-16-34.tag
da/iorn.da-98-09-15-97.tag
da/iorn.da-98-11-16-45.tag
da/iorn.da-99-01-13-44.tag
da/iorn.da-99-03-10-31.tag
da/iorn.da-99-04-13-31.tag
da/iorn.da-99-05-06-42.tag
da/iorn.da-99-09-14-25.tag
da/iorn.da-99-10-05-160.tag
da/iorn.da-99-11-18-143.tag
en/en-00-01-17-40.tag
en/en-00-02-02-32.tag
en/en-00-05-03-120.tag
en/en-00-09-04-46.tag
en/en-00-10-02-84.tag
en/en-00-11-13-41.tag
en/en-00-12-11-42.tag
en/en-01-01-15-54.tag
en/en-01-02-01-12.tag
en/en-01-04-02-45.tag
en/en-01-06-11-59.tag
en/en-01-10-01-83.tag
en/en-01-11-12-56.tag
en/en-02-02-27-83.tag
en/en-02-03-11-79.tag
en/en-02-05-29-37.tag
en/en-02-07-01-103.tag
en/en-02-09-23-62.tag
en/en-02-12-19-83.tag
en/en-03-01-13-64.tag
en/en-03-01-29-28.tag
en/en-03-02-10-116.tag
en/en-03-03-10-60.tag
en/en-03-04-09-59.tag
en/en-03-05-12-29.tag
en/en-96-04-15-28.tag
en/en-96-05-20-33.tag
en/en-96-07-03-75.tag
en/en-96-09-04-83.tag
en/en-96-10-21-42.tag
en/en-96-12-09-33.tag
en/en-97-02-17-30.tag
en/en-97-03-11-36.tag
en/en-97-06-09-99.tag
en/en-97-07-14-12.tag
en/en-97-09-16-102.tag
en/en-97-11-05-183.tag
en/en-98-01-28-80.tag
en/en-98-03-09-21.tag
en/en-98-05-13-201.tag
en/en-98-06-15-42.tag
en/en-98-09-15-49.tag
en/en-98-12-02-150.tag
en/en-99-01-12-178.tag
en/en-99-02-24-58.tag
en/en-99-04-12-75.tag
en/en-99-05-04-159.tag
en/en-99-07-22-25.tag
en/en-99-09-13-59.tag
en/en-99-11-03-27.tag
en/iorn.en-00-01-17-40.tag
en/iorn.en-00-02-02-32.tag
en/iorn.en-00-05-03-120.tag
en/iorn.en-00-09-04-46.tag
en/iorn.en-00-10-02-84.tag
en/iorn.en-00-11-13-41.tag
en/iorn.en-00-12-11-42.tag
en/iorn.en-01-01-15-54.tag
en/iorn.en-01-02-01-12.tag
en/iorn.en-01-04-02-45.tag
en/iorn.en-01-06-11-59.tag
en/iorn.en-01-10-01-83.tag
en/iorn.en-01-11-12-56.tag
en/iorn.en-02-02-27-83.tag
en/iorn.en-02-03-11-79.tag
en/iorn.en-02-05-29-37.tag
en/iorn.en-02-07-01-103.tag
en/iorn.en-02-09-23-62.tag
en/iorn.en-02-12-19-83.tag
en/iorn.en-03-01-13-64.tag
en/iorn.en-03-01-29-28.tag
en/iorn.en-03-02-10-116.tag
en/iorn.en-03-03-10-60.tag
en/iorn.en-03-04-09-59.tag
en/iorn.en-03-05-12-29.tag
en/iorn.en-96-04-15-28.tag
en/iorn.en-96-05-20-33.tag
en/iorn.en-96-07-03-75.tag
en/iorn.en-96-09-04-83.tag
en/iorn.en-96-10-21-42.tag
en/iorn.en-96-12-09-33.tag
en/iorn.en-97-02-17-30.tag
en/iorn.en-97-03-11-36.tag
en/iorn.en-97-06-09-99.tag
en/iorn.en-97-07-14-12.tag
en/iorn.en-97-09-16-102.tag
en/iorn.en-97-11-05-183.tag
en/iorn.en-98-01-28-80.tag
en/iorn.en-98-03-09-21.tag
en/iorn.en-98-05-13-201.tag
en/iorn.en-98-06-15-42.tag
en/iorn.en-98-09-15-49.tag
en/iorn.en-98-12-02-150.tag
en/iorn.en-99-01-12-178.tag
en/iorn.en-99-02-24-58.tag
en/iorn.en-99-04-12-75.tag
en/iorn.en-99-05-04-159.tag
en/iorn.en-99-07-22-25.tag
en/iorn.en-99-09-13-59.tag
en/iorn.en-99-11-03-27.tag
it/iorn.it-00-02-02-27.tag
it/iorn.it-00-04-12-41.tag
it/iorn.it-00-06-14-176.tag
it/iorn.it-00-09-04-38.tag
it/iorn.it-00-10-02-102.tag
it/iorn.it-00-11-13-31.tag
it/iorn.it-00-12-13-20.tag
it/iorn.it-01-01-15-80.tag
it/iorn.it-01-02-12-64.tag
it/iorn.it-01-04-02-42.tag
it/iorn.it-01-09-04-150.tag
it/iorn.it-01-10-01-26.tag
it/iorn.it-01-12-11-105.tag
it/iorn.it-02-03-14-124.tag
it/iorn.it-02-04-11-39.tag
it/iorn.it-02-04-11-43.tag
it/iorn.it-02-05-14-71.tag
it/iorn.it-02-10-21-49.tag
it/iorn.it-02-12-05-14.tag
it/iorn.it-03-01-13-73.tag
it/iorn.it-03-02-11-273.tag
it/iorn.it-03-03-11-149.tag
it/iorn.it-03-04-09-235.tag
it/iorn.it-03-05-13-150.tag
it/iorn.it-03-07-01-51.tag
it/iorn.it-96-04-15-59.tag
it/iorn.it-96-05-08-115.tag
it/iorn.it-96-06-05-85.tag
it/iorn.it-96-09-04-57.tag
it/iorn.it-96-10-21-57.tag
it/iorn.it-96-12-09-29.tag
it/iorn.it-97-02-17-42.tag
it/iorn.it-97-04-07-81.tag
it/iorn.it-97-06-09-52.tag
it/iorn.it-97-09-15-87.tag
it/iorn.it-97-11-17-24.tag
it/iorn.it-97-12-03-85.tag
it/iorn.it-98-01-12-43.tag
it/iorn.it-98-03-11-14.tag
it/iorn.it-98-05-02-62.tag
it/iorn.it-98-07-02-29.tag
it/iorn.it-98-10-05-17.tag
it/iorn.it-98-11-18-273.tag
it/iorn.it-99-01-14-178.tag
it/iorn.it-99-02-09-276.tag
it/iorn.it-99-04-14-157.tag
it/iorn.it-99-09-15-33.tag
it/iorn.it-99-10-05-135.tag
it/iorn.it-99-11-03-59.tag
it/iorn.it-99-12-14-40.tag
it/it-00-02-02-27.tag
it/it-00-04-12-41.tag
it/it-00-06-14-176.tag
it/it-00-09-04-38.tag
it/it-00-10-02-102.tag
it/it-00-11-13-31.tag
it/it-00-12-13-20.tag
it/it-01-01-15-80.tag
it/it-01-02-12-64.tag
it/it-01-04-02-42.tag
it/it-01-09-04-150.tag
it/it-01-10-01-26.tag
it/it-01-12-11-105.tag
it/it-02-03-14-124.tag
it/it-02-04-11-39.tag
it/it-02-04-11-43.tag
it/it-02-05-14-71.tag
it/it-02-10-21-49.tag
it/it-02-12-05-14.tag
it/it-03-01-13-73.tag
it/it-03-02-11-273.tag
it/it-03-03-11-149.tag
it/it-03-04-09-235.tag
it/it-03-05-13-150.tag
it/it-03-07-01-51.tag
it/it-96-04-15-59.tag
it/it-96-05-08-115.tag
it/it-96-06-05-85.tag
it/it-96-09-04-57.tag
it/it-96-10-21-57.tag
it/it-96-12-09-29.tag
it/it-97-02-17-42.tag
it/it-97-04-07-81.tag
it/it-97-06-09-52.tag
it/it-97-09-15-87.tag
it/it-97-11-17-24.tag
it/it-97-12-03-85.tag
it/it-98-01-12-43.tag
it/it-98-03-11-14.tag
it/it-98-05-02-62.tag
it/it-98-07-02-29.tag
it/it-98-10-05-17.tag
it/it-98-11-18-273.tag
it/it-99-01-14-178.tag
it/it-99-02-09-276.tag
it/it-99-04-14-157.tag
it/it-99-09-15-33.tag
it/it-99-10-05-135.tag
it/it-99-11-03-59.tag
it/it-99-12-14-40.tag
