da/da-00-01-18-255.conll
da/da-00-02-02-76.conll
da/da-00-02-14-70.conll
da/da-00-02-15-141.conll
da/da-00-03-13-27.conll
da/da-00-04-11-271.conll
da/da-00-05-16-52.conll
da/da-01-05-17-43.conll
	warning: heuristic cycle break for 200-203-202-201-200
	warning: heuristic cycle break for 201-200-203-202-201
	warning: heuristic cycle break for 202-201-200-203-202
	warning: heuristic cycle break for 203-202-201-200-203
da/da-01-07-05-33.conll
da/da-01-09-05-351.conll
da/da-01-10-24-27.conll
da/da-01-11-13-318.conll
da/da-01-12-11-98.conll
da/da-02-09-04-160.conll
da/da-02-09-26-25.conll
da/da-02-10-23-238.conll
da/da-02-11-07-11.conll
da/da-02-11-21-34.conll
da/da-02-12-18-195.conll
da/da-03-01-13-129.conll
da/da-03-02-11-38.conll
da/da-03-04-08-158.conll
da/da-03-05-13-28.conll
da/da-03-06-02-67.conll
da/da-03-09-03-262.conll
da/da-97-07-15-277.conll
da/da-97-10-22-259.conll
da/da-97-11-19-161.conll
en/en-00-01-17-40.conll
it/it-00-02-02-27.conll
it/it-00-04-12-41.conll
	warning: heuristic cycle break for 631-632-631
	warning: heuristic cycle break for 632-631-632
it/it-00-06-14-176.conll
it/it-00-09-04-38.conll
it/it-00-10-02-102.conll
it/it-00-11-13-31.conll
it/it-00-12-13-20.conll
it/it-01-01-15-80.conll
it/it-01-02-12-64.conll
it/it-01-04-02-42.conll
it/it-01-09-04-150.conll
it/it-01-10-01-26.conll
it/it-01-12-11-105.conll
it/it-02-03-14-124.conll
it/it-02-04-11-39.conll
it/it-02-04-11-43.conll
it/it-02-05-14-71.conll
it/it-02-10-21-49.conll
it/it-02-12-05-14.conll
it/it-03-01-13-73.conll
it/it-03-02-11-273.conll
it/it-03-03-11-149.conll
it/it-03-04-09-235.conll
it/it-03-05-13-150.conll
it/it-03-07-01-51.conll
